<?xml version="1.0" encoding="UTF-8"?>
<testsuite name="com.todomvc.TodomvcApplicationTests" tests="1" skipped="0" failures="0" errors="0" timestamp="2017-07-27T01:36:34" hostname="CNqyzhao.local" time="0.019">
  <properties/>
  <testcase name="contextLoads" classname="com.todomvc.TodomvcApplicationTests" time="0.019"/>
  <system-out><![CDATA[09:36:22.468 [Test worker] DEBUG org.springframework.test.context.junit4.SpringJUnit4ClassRunner - SpringJUnit4ClassRunner constructor called with [class com.todomvc.TodomvcApplicationTests]
09:36:22.473 [Test worker] DEBUG org.springframework.test.context.BootstrapUtils - Instantiating CacheAwareContextLoaderDelegate from class [org.springframework.test.context.cache.DefaultCacheAwareContextLoaderDelegate]
09:36:22.478 [Test worker] DEBUG org.springframework.test.context.BootstrapUtils - Instantiating BootstrapContext using constructor [public org.springframework.test.context.support.DefaultBootstrapContext(java.lang.Class,org.springframework.test.context.CacheAwareContextLoaderDelegate)]
09:36:22.490 [Test worker] DEBUG org.springframework.test.context.BootstrapUtils - Instantiating TestContextBootstrapper for test class [com.todomvc.TodomvcApplicationTests] from class [org.springframework.boot.test.context.SpringBootTestContextBootstrapper]
09:36:22.500 [Test worker] INFO org.springframework.boot.test.context.SpringBootTestContextBootstrapper - Neither @ContextConfiguration nor @ContextHierarchy found for test class [com.todomvc.TodomvcApplicationTests], using SpringBootContextLoader
09:36:22.503 [Test worker] DEBUG org.springframework.test.context.support.AbstractContextLoader - Did not detect default resource location for test class [com.todomvc.TodomvcApplicationTests]: class path resource [com/todomvc/TodomvcApplicationTests-context.xml] does not exist
09:36:22.503 [Test worker] DEBUG org.springframework.test.context.support.AbstractContextLoader - Did not detect default resource location for test class [com.todomvc.TodomvcApplicationTests]: class path resource [com/todomvc/TodomvcApplicationTestsContext.groovy] does not exist
09:36:22.504 [Test worker] INFO org.springframework.test.context.support.AbstractContextLoader - Could not detect default resource locations for test class [com.todomvc.TodomvcApplicationTests]: no resource found for suffixes {-context.xml, Context.groovy}.
09:36:22.504 [Test worker] INFO org.springframework.test.context.support.AnnotationConfigContextLoaderUtils - Could not detect default configuration classes for test class [com.todomvc.TodomvcApplicationTests]: TodomvcApplicationTests does not declare any static, non-private, non-final, nested classes annotated with @Configuration.
09:36:22.533 [Test worker] DEBUG org.springframework.test.context.support.ActiveProfilesUtils - Could not find an 'annotation declaring class' for annotation type [org.springframework.test.context.ActiveProfiles] and class [com.todomvc.TodomvcApplicationTests]
09:36:22.539 [Test worker] DEBUG org.springframework.core.env.StandardEnvironment - Adding [systemProperties] PropertySource with lowest search precedence
09:36:22.540 [Test worker] DEBUG org.springframework.core.env.StandardEnvironment - Adding [systemEnvironment] PropertySource with lowest search precedence
09:36:22.540 [Test worker] DEBUG org.springframework.core.env.StandardEnvironment - Initialized StandardEnvironment with PropertySources [systemProperties,systemEnvironment]
09:36:22.549 [Test worker] DEBUG org.springframework.core.io.support.PathMatchingResourcePatternResolver - Resolved classpath location [com/todomvc/] to resources [URL [file:/Users/qyzhao/Documents/work-demo/TodoMVC/build/classes/java/test/com/todomvc/], URL [file:/Users/qyzhao/Documents/work-demo/TodoMVC/build/classes/java/main/com/todomvc/]]
09:36:22.549 [Test worker] DEBUG org.springframework.core.io.support.PathMatchingResourcePatternResolver - Looking for matching resources in directory tree [/Users/qyzhao/Documents/work-demo/TodoMVC/build/classes/java/test/com/todomvc]
09:36:22.550 [Test worker] DEBUG org.springframework.core.io.support.PathMatchingResourcePatternResolver - Searching directory [/Users/qyzhao/Documents/work-demo/TodoMVC/build/classes/java/test/com/todomvc] for files matching pattern [/Users/qyzhao/Documents/work-demo/TodoMVC/build/classes/java/test/com/todomvc/*.class]
09:36:22.552 [Test worker] DEBUG org.springframework.core.io.support.PathMatchingResourcePatternResolver - Looking for matching resources in directory tree [/Users/qyzhao/Documents/work-demo/TodoMVC/build/classes/java/main/com/todomvc]
09:36:22.552 [Test worker] DEBUG org.springframework.core.io.support.PathMatchingResourcePatternResolver - Searching directory [/Users/qyzhao/Documents/work-demo/TodoMVC/build/classes/java/main/com/todomvc] for files matching pattern [/Users/qyzhao/Documents/work-demo/TodoMVC/build/classes/java/main/com/todomvc/*.class]
09:36:22.553 [Test worker] DEBUG org.springframework.core.io.support.PathMatchingResourcePatternResolver - Resolved location pattern [classpath*:com/todomvc/*.class] to resources [file [/Users/qyzhao/Documents/work-demo/TodoMVC/build/classes/java/test/com/todomvc/TodomvcApplicationTests.class], file [/Users/qyzhao/Documents/work-demo/TodoMVC/build/classes/java/main/com/todomvc/ApiController.class], file [/Users/qyzhao/Documents/work-demo/TodoMVC/build/classes/java/main/com/todomvc/IndexController.class], file [/Users/qyzhao/Documents/work-demo/TodoMVC/build/classes/java/main/com/todomvc/TodomvcApplication.class]]
09:36:22.595 [Test worker] DEBUG org.springframework.context.annotation.ClassPathScanningCandidateComponentProvider - Identified candidate component class: file [/Users/qyzhao/Documents/work-demo/TodoMVC/build/classes/java/main/com/todomvc/TodomvcApplication.class]
09:36:22.596 [Test worker] INFO org.springframework.boot.test.context.SpringBootTestContextBootstrapper - Found @SpringBootConfiguration com.todomvc.TodomvcApplication for test class com.todomvc.TodomvcApplicationTests
09:36:22.598 [Test worker] DEBUG org.springframework.boot.test.context.SpringBootTestContextBootstrapper - @TestExecutionListeners is not present for class [com.todomvc.TodomvcApplicationTests]: using defaults.
09:36:22.602 [Test worker] INFO org.springframework.boot.test.context.SpringBootTestContextBootstrapper - Loaded default TestExecutionListener class names from location [META-INF/spring.factories]: [org.springframework.boot.test.autoconfigure.restdocs.RestDocsTestExecutionListener, org.springframework.boot.test.autoconfigure.web.client.MockRestServiceServerResetTestExecutionListener, org.springframework.boot.test.autoconfigure.web.servlet.MockMvcPrintOnlyOnFailureTestExecutionListener, org.springframework.boot.test.autoconfigure.web.servlet.WebDriverTestExecutionListener, org.springframework.boot.test.mock.mockito.MockitoTestExecutionListener, org.springframework.boot.test.mock.mockito.ResetMocksTestExecutionListener, org.springframework.test.context.web.ServletTestExecutionListener, org.springframework.test.context.support.DirtiesContextBeforeModesTestExecutionListener, org.springframework.test.context.support.DependencyInjectionTestExecutionListener, org.springframework.test.context.support.DirtiesContextTestExecutionListener, org.springframework.test.context.transaction.TransactionalTestExecutionListener, org.springframework.test.context.jdbc.SqlScriptsTestExecutionListener]
09:36:22.609 [Test worker] INFO org.springframework.boot.test.context.SpringBootTestContextBootstrapper - Could not instantiate TestExecutionListener [org.springframework.test.context.transaction.TransactionalTestExecutionListener]. Specify custom listener classes or make the default listener classes (and their required dependencies) available. Offending class: [org/springframework/transaction/interceptor/TransactionAttributeSource]
09:36:22.612 [Test worker] INFO org.springframework.boot.test.context.SpringBootTestContextBootstrapper - Could not instantiate TestExecutionListener [org.springframework.test.context.jdbc.SqlScriptsTestExecutionListener]. Specify custom listener classes or make the default listener classes (and their required dependencies) available. Offending class: [org/springframework/transaction/interceptor/TransactionAttribute]
09:36:22.613 [Test worker] INFO org.springframework.boot.test.context.SpringBootTestContextBootstrapper - Using TestExecutionListeners: [org.springframework.test.context.web.ServletTestExecutionListener@7bf169a4, org.springframework.test.context.support.DirtiesContextBeforeModesTestExecutionListener@71279d24, org.springframework.boot.test.autoconfigure.SpringBootDependencyInjectionTestExecutionListener@73de19e9, org.springframework.test.context.support.DirtiesContextTestExecutionListener@68beca51, org.springframework.boot.test.mock.mockito.MockitoTestExecutionListener@187232ab, org.springframework.boot.test.mock.mockito.ResetMocksTestExecutionListener@5571423c, org.springframework.boot.test.autoconfigure.restdocs.RestDocsTestExecutionListener@5663182a, org.springframework.boot.test.autoconfigure.web.servlet.MockMvcPrintOnlyOnFailureTestExecutionListener@4811acf5, org.springframework.boot.test.autoconfigure.web.servlet.WebDriverTestExecutionListener@417f2836, org.springframework.boot.test.autoconfigure.web.client.MockRestServiceServerResetTestExecutionListener@1e40f287]
09:36:22.615 [Test worker] DEBUG org.springframework.test.annotation.ProfileValueUtils - Retrieved @ProfileValueSourceConfiguration [null] for test class [com.todomvc.TodomvcApplicationTests]
09:36:22.616 [Test worker] DEBUG org.springframework.test.annotation.ProfileValueUtils - Retrieved ProfileValueSource type [class org.springframework.test.annotation.SystemProfileValueSource] for class [com.todomvc.TodomvcApplicationTests]
09:36:22.616 [Test worker] DEBUG org.springframework.test.annotation.ProfileValueUtils - Retrieved @ProfileValueSourceConfiguration [null] for test class [com.todomvc.TodomvcApplicationTests]
09:36:22.616 [Test worker] DEBUG org.springframework.test.annotation.ProfileValueUtils - Retrieved ProfileValueSource type [class org.springframework.test.annotation.SystemProfileValueSource] for class [com.todomvc.TodomvcApplicationTests]
09:36:22.620 [Test worker] DEBUG org.springframework.test.context.support.AbstractDirtiesContextTestExecutionListener - Before test class: context [DefaultTestContext@4d1b0ae1 testClass = TodomvcApplicationTests, testInstance = [null], testMethod = [null], testException = [null], mergedContextConfiguration = [WebMergedContextConfiguration@db993d6 testClass = TodomvcApplicationTests, locations = '{}', classes = '{class com.todomvc.TodomvcApplication}', contextInitializerClasses = '[]', activeProfiles = '{}', propertySourceLocations = '{}', propertySourceProperties = '{org.springframework.boot.test.context.SpringBootTestContextBootstrapper=true}', contextCustomizers = set[org.springframework.boot.test.autoconfigure.properties.PropertyMappingContextCustomizer@0, org.springframework.boot.test.autoconfigure.web.servlet.WebDriverContextCustomizerFactory$Customizer@2882e27, org.springframework.boot.test.context.SpringBootTestContextCustomizer@5763adb4, org.springframework.boot.test.context.filter.ExcludeFilterContextCustomizer@310c8d20, org.springframework.boot.test.json.DuplicateJsonObjectContextCustomizerFactory$DuplicateJsonObjectContextCustomizer@5c728df6, org.springframework.boot.test.mock.mockito.MockitoContextCustomizer@0], resourceBasePath = 'src/main/webapp', contextLoader = 'org.springframework.boot.test.context.SpringBootContextLoader', parent = [null]]], class annotated with @DirtiesContext [false] with mode [null].
09:36:22.621 [Test worker] DEBUG org.springframework.test.annotation.ProfileValueUtils - Retrieved @ProfileValueSourceConfiguration [null] for test class [com.todomvc.TodomvcApplicationTests]
09:36:22.621 [Test worker] DEBUG org.springframework.test.annotation.ProfileValueUtils - Retrieved ProfileValueSource type [class org.springframework.test.annotation.SystemProfileValueSource] for class [com.todomvc.TodomvcApplicationTests]
09:36:22.668 [Test worker] DEBUG org.springframework.core.env.StandardEnvironment - Adding [systemProperties] PropertySource with lowest search precedence
09:36:22.668 [Test worker] DEBUG org.springframework.core.env.StandardEnvironment - Adding [systemEnvironment] PropertySource with lowest search precedence
09:36:22.668 [Test worker] DEBUG org.springframework.core.env.StandardEnvironment - Initialized StandardEnvironment with PropertySources [systemProperties,systemEnvironment]
09:36:22.669 [Test worker] DEBUG org.springframework.core.env.MutablePropertySources - Adding [inline] PropertySource with highest search precedence
09:36:22.674 [Test worker] DEBUG org.springframework.test.context.support.TestPropertySourceUtils - Adding inlined properties to environment: {spring.jmx.enabled=false, org.springframework.boot.test.context.SpringBootTestContextBootstrapper=true, server.port=-1}
09:36:22.674 [Test worker] DEBUG org.springframework.core.env.StandardEnvironment - Adding [Inlined Test Properties] PropertySource with highest search precedence

  .   ____          _            __ _ _
 /\\ / ___'_ __ _ _(_)_ __  __ _ \ \ \ \
( ( )\___ | '_ | '_| | '_ \/ _` | \ \ \ \
 \\/  ___)| |_)| | | | | || (_| |  ) ) ) )
  '  |____| .__|_| |_|_| |_\__, | / / / /
 =========|_|==============|___/=/_/_/_/
 :: Spring Boot ::        (v1.5.4.RELEASE)

2017-07-27 09:36:32.885  INFO 36604 --- [    Test worker] com.todomvc.TodomvcApplicationTests      : Starting TodomvcApplicationTests on CNqyzhao.local with PID 36604 (started by qyzhao in /Users/qyzhao/Documents/work-demo/TodoMVC)
2017-07-27 09:36:32.886  INFO 36604 --- [    Test worker] com.todomvc.TodomvcApplicationTests      : No active profile set, falling back to default profiles: default
2017-07-27 09:36:33.073  INFO 36604 --- [    Test worker] o.s.w.c.s.GenericWebApplicationContext   : Refreshing org.springframework.web.context.support.GenericWebApplicationContext@7289fa80: startup date [Thu Jul 27 09:36:33 CST 2017]; root of context hierarchy
2017-07-27 09:36:34.013  INFO 36604 --- [    Test worker] s.w.s.m.m.a.RequestMappingHandlerAdapter : Looking for @ControllerAdvice: org.springframework.web.context.support.GenericWebApplicationContext@7289fa80: startup date [Thu Jul 27 09:36:33 CST 2017]; root of context hierarchy
2017-07-27 09:36:34.064  INFO 36604 --- [    Test worker] s.w.s.m.m.a.RequestMappingHandlerMapping : Mapped "{[/api/add],methods=[POST]}" onto public java.lang.Long com.todomvc.ApiController.add(com.todomvc.domain.ToDoItem)
2017-07-27 09:36:34.064  INFO 36604 --- [    Test worker] s.w.s.m.m.a.RequestMappingHandlerMapping : Mapped "{[/]}" onto public java.lang.String com.todomvc.IndexController.index()
2017-07-27 09:36:34.066  INFO 36604 --- [    Test worker] s.w.s.m.m.a.RequestMappingHandlerMapping : Mapped "{[/error]}" onto public org.springframework.http.ResponseEntity<java.util.Map<java.lang.String, java.lang.Object>> org.springframework.boot.autoconfigure.web.BasicErrorController.error(javax.servlet.http.HttpServletRequest)
2017-07-27 09:36:34.066  INFO 36604 --- [    Test worker] s.w.s.m.m.a.RequestMappingHandlerMapping : Mapped "{[/error],produces=[text/html]}" onto public org.springframework.web.servlet.ModelAndView org.springframework.boot.autoconfigure.web.BasicErrorController.errorHtml(javax.servlet.http.HttpServletRequest,javax.servlet.http.HttpServletResponse)
2017-07-27 09:36:34.087  INFO 36604 --- [    Test worker] o.s.w.s.handler.SimpleUrlHandlerMapping  : Mapped URL path [/webjars/**] onto handler of type [class org.springframework.web.servlet.resource.ResourceHttpRequestHandler]
2017-07-27 09:36:34.087  INFO 36604 --- [    Test worker] o.s.w.s.handler.SimpleUrlHandlerMapping  : Mapped URL path [/**] onto handler of type [class org.springframework.web.servlet.resource.ResourceHttpRequestHandler]
2017-07-27 09:36:34.114  INFO 36604 --- [    Test worker] o.s.w.s.handler.SimpleUrlHandlerMapping  : Mapped URL path [/**/favicon.ico] onto handler of type [class org.springframework.web.servlet.resource.ResourceHttpRequestHandler]
2017-07-27 09:36:34.154  WARN 36604 --- [    Test worker] org.thymeleaf.templatemode.TemplateMode  : [THYMELEAF][Test worker] Template Mode 'HTML5' is deprecated. Using Template Mode 'HTML' instead.
2017-07-27 09:36:34.465  INFO 36604 --- [    Test worker] com.todomvc.TodomvcApplicationTests      : Started TodomvcApplicationTests in 11.783 seconds (JVM running for 12.472)
]]></system-out>
  <system-err><![CDATA[]]></system-err>
</testsuite>
